e:\デスクトップ\tokura_dgeev_batched\windows\x64\release\tokura_dgeev_batched_autotune.exe
e:\デスクトップ\tokura_dgeev_batched\windows\x64\release\tokura_dgeev_batched_autotune.pdb
e:\デスクトップ\tokura_dgeev_batched\windows\tokura_dgeev_batched_autotune\x64\release\main.cu.cache
e:\デスクトップ\tokura_dgeev_batched\windows\tokura_dgeev_batched_autotune\x64\release\tokura_blas_matrix_rearrangements.cu.cache
e:\デスクトップ\tokura_dgeev_batched\windows\tokura_dgeev_batched_autotune\x64\release\tokura_dgeev_batched.cu.cache
e:\デスクトップ\tokura_dgeev_batched\windows\tokura_dgeev_batched_autotune\x64\release\tokura_dgeev_batched_mwb.cu.cache
e:\デスクトップ\tokura_dgeev_batched\windows\tokura_dgeev_batched_autotune\x64\release\tokura_dgeev_batched_swbmwb.cu.cache
e:\デスクトップ\tokura_dgeev_batched\windows\tokura_dgeev_batched_autotune\x64\release\tokura_dgehrd_batched_mwb.cu.cache
e:\デスクトップ\tokura_dgeev_batched\windows\tokura_dgeev_batched_autotune\x64\release\tokura_dgehrd_batched_swb.cu.cache
e:\デスクトップ\tokura_dgeev_batched\windows\tokura_dgeev_batched_autotune\x64\release\tokura_dhseqr_batched_mwb.cu.cache
e:\デスクトップ\tokura_dgeev_batched\windows\tokura_dgeev_batched_autotune\x64\release\tokura_get_tuned_thread_parameters.cu.cache
e:\デスクトップ\tokura_dgeev_batched\windows\tokura_dgeev_batched_autotune\x64\release\main.cu.obj
e:\デスクトップ\tokura_dgeev_batched\windows\tokura_dgeev_batched_autotune\x64\release\tokura_blas_matrix_rearrangements.cu.obj
e:\デスクトップ\tokura_dgeev_batched\windows\tokura_dgeev_batched_autotune\x64\release\tokura_dgeev_batched.cu.obj
e:\デスクトップ\tokura_dgeev_batched\windows\tokura_dgeev_batched_autotune\x64\release\tokura_dgeev_batched_mwb.cu.obj
e:\デスクトップ\tokura_dgeev_batched\windows\tokura_dgeev_batched_autotune\x64\release\tokura_dgeev_batched_swbmwb.cu.obj
e:\デスクトップ\tokura_dgeev_batched\windows\tokura_dgeev_batched_autotune\x64\release\tokura_dgehrd_batched_mwb.cu.obj
e:\デスクトップ\tokura_dgeev_batched\windows\tokura_dgeev_batched_autotune\x64\release\tokura_dgehrd_batched_swb.cu.obj
e:\デスクトップ\tokura_dgeev_batched\windows\tokura_dgeev_batched_autotune\x64\release\tokura_dhseqr_batched_mwb.cu.obj
e:\デスクトップ\tokura_dgeev_batched\windows\tokura_dgeev_batched_autotune\x64\release\tokura_get_tuned_thread_parameters.cu.obj
e:\デスクトップ\tokura_dgeev_batched\windows\tokura_dgeev_batched_autotune\x64\release\tokura_d.68219962.tlog\link.command.1.tlog
e:\デスクトップ\tokura_dgeev_batched\windows\tokura_dgeev_batched_autotune\x64\release\tokura_d.68219962.tlog\link.read.1.tlog
e:\デスクトップ\tokura_dgeev_batched\windows\tokura_dgeev_batched_autotune\x64\release\tokura_d.68219962.tlog\link.write.1.tlog
